e:\c\hexkk\jonghyeok\c++\c++ study\c++ study\debug\vc141.pdb
e:\c\hexkk\jonghyeok\c++\c++ study\c++ study\debug\vc141.idb
e:\c\hexkk\jonghyeok\c++\c++ study\c++ study\debug\needspecialfunctiontemplate.obj
e:\c\hexkk\jonghyeok\c++\c++ study\c++ study\debug\specialfunctiontemplate.obj
e:\c\hexkk\jonghyeok\c++\c++ study\c++ study\debug\pointclasstemplate.obj
e:\c\hexkk\jonghyeok\c++\c++ study\c++ study\debug\pointmain.obj
e:\c\hexkk\jonghyeok\c++\c++ study\c++ study\debug\pointtemplate.obj
e:\c\hexkk\jonghyeok\c++\c++ study\debug\c++ study.ilk
e:\c\hexkk\jonghyeok\c++\c++ study\debug\c++ study.exe
e:\c\hexkk\jonghyeok\c++\c++ study\debug\c++ study.pdb
e:\c\hexkk\jonghyeok\c++\c++ study\c++ study\debug\c++ study.tlog\cl.command.1.tlog
e:\c\hexkk\jonghyeok\c++\c++ study\c++ study\debug\c++ study.tlog\cl.read.1.tlog
e:\c\hexkk\jonghyeok\c++\c++ study\c++ study\debug\c++ study.tlog\cl.write.1.tlog
e:\c\hexkk\jonghyeok\c++\c++ study\c++ study\debug\c++ study.tlog\link-cvtres.read.1.tlog
e:\c\hexkk\jonghyeok\c++\c++ study\c++ study\debug\c++ study.tlog\link-cvtres.write.1.tlog
e:\c\hexkk\jonghyeok\c++\c++ study\c++ study\debug\c++ study.tlog\link-rc.read.1.tlog
e:\c\hexkk\jonghyeok\c++\c++ study\c++ study\debug\c++ study.tlog\link-rc.write.1.tlog
e:\c\hexkk\jonghyeok\c++\c++ study\c++ study\debug\c++ study.tlog\link.command.1.tlog
e:\c\hexkk\jonghyeok\c++\c++ study\c++ study\debug\c++ study.tlog\link.read.1.tlog
e:\c\hexkk\jonghyeok\c++\c++ study\c++ study\debug\c++ study.tlog\link.write.1.tlog
